<?xml version="1.0" encoding="UTF-8"?>
<!-- Generated by org.testng.reporters.JUnitReportReporter -->
<testsuite hostname="LAPTOP-UQOLB7HM" failures="0" tests="10" name="assignment.test.LoginPageTest" time="88.940" errors="0" timestamp="2024-06-12T21:02:54 IST" skipped="0">
  <testcase classname="assignment.test.LoginPageTest" name="verifyInLogo" time="8.161"/>
  <system-out/>
  <testcase classname="assignment.test.LoginPageTest" name="verifyTwitterLogo" time="8.527"/>
  <system-out/>
  <testcase classname="assignment.test.LoginPageTest" name="verifyfbLogo" time="8.435"/>
  <system-out/>
  <testcase classname="assignment.test.LoginPageTest" name="verifyLogo" time="8.811"/>
  <system-out/>
  <testcase classname="assignment.test.LoginPageTest" name="verifyUrl" time="9.359"/>
  <system-out/>
  <testcase classname="assignment.test.LoginPageTest" name="verifyTitle" time="8.952"/>
  <system-out/>
  <testcase classname="assignment.test.LoginPageTest" name="verifyLoginWithCredentials" time="9.608"/>
  <system-out/>
  <testcase classname="assignment.test.LoginPageTest" name="invalidLoginTestWithOutUserName" time="8.818"/>
  <system-out/>
  <testcase classname="assignment.test.LoginPageTest" name="invalidLoginTestWithoutPassword" time="9.209"/>
  <system-out/>
  <testcase classname="assignment.test.LoginPageTest" name="invalidLoginTestWithoutCredentials" time="9.060"/>
  <system-out/>
</testsuite> <!-- assignment.test.LoginPageTest -->
