<?xml version="1.0" encoding="UTF-8"?>
<!-- Generated by org.testng.reporters.JUnitReportReporter -->
<testsuite hostname="LAPTOP-UQOLB7HM" failures="0" tests="3" name="assignment.test.HomePageTest" time="30.956" errors="0" timestamp="2024-06-12T21:02:54 IST" skipped="0">
  <testcase classname="assignment.test.HomePageTest" name="verifyTitle" time="8.820"/>
  <system-out/>
  <testcase classname="assignment.test.HomePageTest" name="verifyUrl" time="9.522"/>
  <system-out/>
  <testcase classname="assignment.test.HomePageTest" name="verifySort" time="12.614"/>
  <system-out/>
</testsuite> <!-- assignment.test.HomePageTest -->
